<?xml version="1.0" encoding="UTF-8"?>
<!-- Generated by org.testng.reporters.JUnitReportReporter -->
<testsuite hostname="INTLAP-141-RANITA-SAHA" failures="0" tests="3" name="day24.Log4jdemo" time="0.078" errors="0" timestamp="2022-07-21T13:07:01 CEST" skipped="0">
  <testcase classname="day24.Log4jdemo" name="setup" time="0.075"/>
  <system-out/>
  <testcase classname="day24.Log4jdemo" name="login" time="0.002"/>
  <system-out/>
  <testcase classname="day24.Log4jdemo" name="logout" time="0.001"/>
  <system-out/>
</testsuite> <!-- day24.Log4jdemo -->
