<?xml version="1.0" encoding="UTF-8"?>
<!-- Generated by org.testng.reporters.JUnitReportReporter -->
<testsuite hostname="INTLAP-141-RANITA-SAHA" failures="0" tests="3" name="day21.AnnotationsExample1" time="0.008" errors="0" timestamp="2022-07-15T16:13:59 CEST" skipped="0">
  <testcase classname="day21.AnnotationsExample1" name="search" time="0.003"/>
  <system-out/>
  <testcase classname="day21.AnnotationsExample1" name="advsearch" time="0.004"/>
  <system-out/>
  <testcase classname="day21.AnnotationsExample1" name="recharge" time="0.001"/>
  <system-out/>
</testsuite> <!-- day21.AnnotationsExample1 -->
