<?xml version="1.0" encoding="UTF-8"?>
<!-- Generated by org.testng.reporters.JUnitReportReporter -->
<testsuite hostname="INTLAP-141-RANITA-SAHA" failures="0" tests="3" name="day21.TC2" time="0.001" errors="0" timestamp="2022-07-15T16:15:47 CEST" skipped="0">
  <testcase classname="day21.TC2" name="m4" time="0.000"/>
  <system-out/>
  <testcase classname="day21.TC2" name="m5" time="0.000"/>
  <system-out/>
  <testcase classname="day21.TC2" name="m3" time="0.001"/>
  <system-out/>
</testsuite> <!-- day21.TC2 -->
