<?xml version="1.0" encoding="UTF-8"?>
<!-- Generated by org.testng.reporters.JUnitReportReporter -->
<testsuite hostname="INTLAP-141-RANITA-SAHA" failures="0" tests="2" name="day22.Test1" time="0.007" errors="0" timestamp="2022-07-15T16:16:45 CEST" skipped="0">
  <testcase classname="day22.Test1" name="m1" time="0.006"/>
  <system-out/>
  <testcase classname="day22.Test1" name="m2" time="0.001"/>
  <system-out/>
</testsuite> <!-- day22.Test1 -->
