<?xml version="1.0" encoding="UTF-8"?>
<!-- Generated by org.testng.reporters.JUnitReportReporter -->
<testsuite hostname="INTLAP-141-RANITA-SAHA" failures="0" tests="2" name="day21.TC1" time="0.004" errors="0" timestamp="2022-07-15T16:15:47 CEST" skipped="0">
  <testcase classname="day21.TC1" name="m1" time="0.003"/>
  <system-out/>
  <testcase classname="day21.TC1" name="m2" time="0.001"/>
  <system-out/>
</testsuite> <!-- day21.TC1 -->
