<?xml version="1.0" encoding="UTF-8"?>
<!-- Generated by org.testng.reporters.JUnitReportReporter -->
<testsuite hostname="INTLAP-141-RANITA-SAHA" failures="0" tests="3" name="day21.FirstTestCase" time="0.008" errors="0" timestamp="2022-07-15T16:13:29 CEST" skipped="0">
  <testcase classname="day21.FirstTestCase" name="openURL" time="0.006"/>
  <system-out/>
  <testcase classname="day21.FirstTestCase" name="login" time="0.001"/>
  <system-out/>
  <testcase classname="day21.FirstTestCase" name="logout" time="0.001"/>
  <system-out/>
</testsuite> <!-- day21.FirstTestCase -->
