<?xml version="1.0" encoding="UTF-8"?>
<!-- Generated by org.testng.reporters.JUnitReportReporter -->
<testsuite hostname="INTLAP-141-RANITA-SAHA" failures="0" tests="3" name="day22.DataProviderExample" time="10.941" errors="0" timestamp="2022-07-15T16:23:56 CEST" skipped="0">
  <testcase classname="day22.DataProviderExample" name="logintest" time="6.664"/>
  <system-out/>
  <testcase classname="day22.DataProviderExample" name="logintest" time="2.326"/>
  <system-out/>
  <testcase classname="day22.DataProviderExample" name="logintest" time="1.951"/>
  <system-out/>
</testsuite> <!-- day22.DataProviderExample -->
