<?xml version="1.0" encoding="UTF-8"?>
<!-- Generated by org.testng.reporters.JUnitReportReporter -->
<testsuite hostname="INTLAP-141-RANITA-SAHA" failures="0" tests="5" name="day22.DisablingTestsMethods" time="0.012" errors="0" timestamp="2022-07-15T16:20:51 CEST" skipped="2">
  <testcase classname="day22.DisablingTestsMethods" name="openURL" time="0.009"/>
  <system-out/>
  <testcase classname="day22.DisablingTestsMethods" name="login" time="0.001"/>
  <system-out/>
  <testcase classname="day22.DisablingTestsMethods" name="logout" time="0.002"/>
  <system-out/>
  <testcase classname="day22.DisablingTestsMethods" name="advancedsearch">
    <skipped/>
  </testcase> <!-- advancedsearch -->
  <system-out/>
  <testcase classname="day22.DisablingTestsMethods" name="search">
    <skipped/>
  </testcase> <!-- search -->
  <system-out/>
</testsuite> <!-- day22.DisablingTestsMethods -->
